<?xml version="1.0" encoding="UTF-8"?>
<!-- Generated by org.testng.reporters.JUnitReportReporter -->
<testsuite hostname="DESKTOP-BP3T59L" failures="0" tests="6" name="testcases.HomePageTest" time="81.587" errors="0" timestamp="09 Jul 2020 11:48:16 GMT" skipped="0">
  <testcase classname="testcases.HomePageTest" name="testClickOnCreateAnAccount" time="8.433"/>
  <testcase classname="testcases.HomePageTest" name="testSearchValidInput" time="8.277"/>
  <testcase classname="testcases.HomePageTest" name="testOpenCategory" time="13.636"/>
  <testcase classname="testcases.HomePageTest" name="testClickOnAProduct" time="36.545"/>
  <testcase classname="testcases.HomePageTest" name="testSearchInvalidInput" time="6.684"/>
  <testcase classname="testcases.HomePageTest" name="testClickOnSignIn" time="8.012"/>
</testsuite> <!-- testcases.HomePageTest -->
