<?xml version="1.0" encoding="UTF-8"?>
<!-- Generated by org.testng.reporters.JUnitReportReporter -->
<testsuite hostname="DESKTOP-BP3T59L" failures="0" tests="5" name="testcases.CategoryPageTest" time="132.009" errors="0" timestamp="09 Jul 2020 11:48:16 GMT" skipped="0">
  <testcase classname="testcases.CategoryPageTest" name="verifySortByPrice" time="78.946"/>
  <testcase classname="testcases.CategoryPageTest" name="addProductsToCartPage" time="4.708"/>
  <testcase classname="testcases.CategoryPageTest" name="verifyProductInfoInWishlistOnLeftBar" time="17.387"/>
  <testcase classname="testcases.CategoryPageTest" name="verifyProductInfoInCompareOnLeftBar" time="14.113"/>
  <testcase classname="testcases.CategoryPageTest" name="verifyFilter" time="16.855"/>
</testsuite> <!-- testcases.CategoryPageTest -->
