<?xml version="1.0" encoding="UTF-8"?>
<!-- Generated by org.testng.reporters.JUnitReportReporter -->
<testsuite hostname="DESKTOP-BP3T59L" failures="0" tests="4" name="testcases.WishlistPageTest" time="91.935" errors="0" timestamp="09 Jul 2020 11:48:16 GMT" skipped="0">
  <testcase classname="testcases.WishlistPageTest" name="clearAllProductInWishlist" time="60.735"/>
  <testcase classname="testcases.WishlistPageTest" name="addProducts" time="29.265"/>
  <testcase classname="testcases.WishlistPageTest" name="verifyThreeButton" time="0.938"/>
  <testcase classname="testcases.WishlistPageTest" name="verifyProductInfoInWishList" time="0.997"/>
</testsuite> <!-- testcases.WishlistPageTest -->
