<?xml version="1.0" encoding="UTF-8"?>
<!-- Generated by org.testng.reporters.JUnitReportReporter -->
<testsuite hostname="DESKTOP-BP3T59L" failures="0" tests="5" name="testcases.LoginPageTest" time="109.932" errors="0" timestamp="09 Jul 2020 11:48:16 GMT" skipped="0">
  <testcase classname="testcases.LoginPageTest" name="testLoginWithInvalidEmail" time="32.510"/>
  <testcase classname="testcases.LoginPageTest" name="testLoginWithInvalidEmail" time="17.494"/>
  <testcase classname="testcases.LoginPageTest" name="testLoginWithInvalidPass" time="16.954"/>
  <testcase classname="testcases.LoginPageTest" name="testLoginWithInvalidPass" time="20.626"/>
  <testcase classname="testcases.LoginPageTest" name="testLoginSuccessfull" time="22.348"/>
</testsuite> <!-- testcases.LoginPageTest -->
