<?xml version="1.0" encoding="UTF-8"?>
<!-- Generated by org.testng.reporters.JUnitReportReporter -->
<testsuite hostname="DESKTOP-BP3T59L" failures="0" tests="1" name="testcases.LogoutPageTest" time="48.892" errors="0" timestamp="09 Jul 2020 11:48:16 GMT" skipped="0">
  <testcase classname="testcases.LogoutPageTest" name="testLogout" time="48.892"/>
</testsuite> <!-- testcases.LogoutPageTest -->
