<?xml version="1.0" encoding="UTF-8"?>
<!-- Generated by org.testng.reporters.JUnitReportReporter -->
<testsuite hostname="DESKTOP-BP3T59L" failures="0" tests="1" name="testcases.SignupPageTest" time="16.685" errors="0" timestamp="23 Jun 2020 04:41:26 GMT" skipped="0">
  <testcase classname="testcases.SignupPageTest" name="testSignup" time="16.685"/>
</testsuite> <!-- testcases.SignupPageTest -->
