<?xml version="1.0" encoding="UTF-8"?>
<!-- Generated by org.testng.reporters.JUnitReportReporter -->
<testsuite hostname="DESKTOP-BP3T59L" failures="0" tests="1" name="testcases.LogoutPageTest" time="39.165" errors="0" timestamp="23 Jun 2020 03:09:48 GMT" skipped="0">
  <testcase classname="testcases.LogoutPageTest" name="testLogout" time="39.165"/>
</testsuite> <!-- testcases.LogoutPageTest -->
