<?xml version="1.0" encoding="UTF-8"?>
<!-- Generated by org.testng.reporters.JUnitReportReporter -->
<testsuite hostname="DESKTOP-BP3T59L" failures="0" tests="1" name="testcases.WishlistPageTest" time="69.105" errors="0" timestamp="29 Jun 2020 10:34:22 GMT" skipped="0">
  <testcase classname="testcases.WishlistPageTest" name="verifyProductInWishList" time="69.105"/>
</testsuite> <!-- testcases.WishlistPageTest -->
