<?xml version="1.0" encoding="UTF-8"?>
<!-- Generated by org.testng.reporters.JUnitReportReporter -->
<testsuite hostname="DESKTOP-BP3T59L" failures="0" tests="1" name="testcases.CheckoutPageTest" time="66.245" errors="0" timestamp="09 Jul 2020 08:14:14 GMT" skipped="0">
  <testcase classname="testcases.CheckoutPageTest" name="verifyCheckOutpage" time="66.245"/>
</testsuite> <!-- testcases.CheckoutPageTest -->
