<?xml version="1.0" encoding="UTF-8"?>
<!-- Generated by org.testng.reporters.JUnitReportReporter -->
<testsuite hostname="DESKTOP-BP3T59L" failures="0" tests="6" name="testcases.HomePageTest" time="69.450" errors="0" timestamp="02 Jul 2020 04:28:50 GMT" skipped="0">
  <testcase classname="testcases.HomePageTest" name="testClickOnSignIn" time="8.075"/>
  <testcase classname="testcases.HomePageTest" name="testClickOnCreateAnAccount" time="9.824"/>
  <testcase classname="testcases.HomePageTest" name="testSearchInvalidInput" time="5.656"/>
  <testcase classname="testcases.HomePageTest" name="testOpenCategory" time="13.756"/>
  <testcase classname="testcases.HomePageTest" name="testClickOnAProduct" time="26.174"/>
  <testcase classname="testcases.HomePageTest" name="testSearchValidInput" time="5.965"/>
</testsuite> <!-- testcases.HomePageTest -->
