<?xml version="1.0" encoding="UTF-8"?>
<!-- Generated by org.testng.reporters.JUnitReportReporter -->
<testsuite hostname="DESKTOP-BP3T59L" failures="0" tests="5" name="testcases.MyAccountPageTest" time="91.011" errors="0" timestamp="23 Jun 2020 07:43:20 GMT" skipped="0">
  <testcase classname="testcases.MyAccountPageTest" name="testChangePasswordSuccessful" time="36.325"/>
  <testcase classname="testcases.MyAccountPageTest" name="testChangePasswordWithInvalidCurrentPassword" time="12.808"/>
  <testcase classname="testcases.MyAccountPageTest" name="testChangePasswordWithInvalidCurrentPassword" time="14.423"/>
  <testcase classname="testcases.MyAccountPageTest" name="testChangePasswordWithInvalidConfirmPassword" time="12.094"/>
  <testcase classname="testcases.MyAccountPageTest" name="testChangeBillingAddressSuccessful" time="15.361"/>
</testsuite> <!-- testcases.MyAccountPageTest -->
