<?xml version="1.0" encoding="UTF-8"?>
<!-- Generated by org.testng.reporters.JUnitReportReporter -->
<testsuite hostname="DESKTOP-BP3T59L" failures="0" tests="1" name="testcases.CategoryPageTest" time="8.514" errors="0" timestamp="09 Jul 2020 04:46:48 GMT" skipped="0">
  <testcase classname="testcases.CategoryPageTest" name="verifyProductInfoInCompareOnLeftBar" time="8.514"/>
</testsuite> <!-- testcases.CategoryPageTest -->
